2023-07-09 22:47:58.390  INFO 5848 --- [restartedMain] c.r.c.application.CafeKioskApplication   : Starting CafeKioskApplication using Java 17.0.3 on DESKTOP-U4EVG64 with PID 5848 (D:\JavaSprintBootGithub\CafeKioskApplication-Github-Coursework1\target\classes started by hp in D:\JavaSprintBootGithub\CafeKioskApplication-Github-Coursework1)
2023-07-09 22:47:58.395  INFO 5848 --- [restartedMain] c.r.c.application.CafeKioskApplication   : No active profile set, falling back to 1 default profile: "default"
2023-07-09 22:47:58.711  INFO 5848 --- [restartedMain] .e.DevToolsPropertyDefaultsPostProcessor : Devtools property defaults active! Set 'spring.devtools.add-properties' to 'false' to disable
2023-07-09 22:47:58.712  INFO 5848 --- [restartedMain] .e.DevToolsPropertyDefaultsPostProcessor : For additional web related logging consider setting the 'logging.level.web' property to 'DEBUG'
2023-07-09 22:48:01.024  INFO 5848 --- [restartedMain] .s.d.r.c.RepositoryConfigurationDelegate : Bootstrapping Spring Data JPA repositories in DEFAULT mode.
2023-07-09 22:48:01.301  INFO 5848 --- [restartedMain] .s.d.r.c.RepositoryConfigurationDelegate : Finished Spring Data repository scanning in 244 ms. Found 5 JPA repository interfaces.
2023-07-09 22:48:04.296  INFO 5848 --- [restartedMain] o.s.b.w.embedded.tomcat.TomcatWebServer  : Tomcat initialized with port(s): 8080 (http)
2023-07-09 22:48:04.341  INFO 5848 --- [restartedMain] o.apache.catalina.core.StandardService   : Starting service [Tomcat]
2023-07-09 22:48:04.343  INFO 5848 --- [restartedMain] org.apache.catalina.core.StandardEngine  : Starting Servlet engine: [Apache Tomcat/9.0.65]
2023-07-09 22:48:04.603  INFO 5848 --- [restartedMain] o.a.c.c.C.[Tomcat].[localhost].[/]       : Initializing Spring embedded WebApplicationContext
2023-07-09 22:48:04.604  INFO 5848 --- [restartedMain] w.s.c.ServletWebServerApplicationContext : Root WebApplicationContext: initialization completed in 5890 ms
2023-07-09 22:48:04.921  INFO 5848 --- [restartedMain] com.zaxxer.hikari.HikariDataSource       : HikariPool-1 - Starting...
2023-07-09 22:48:05.800  INFO 5848 --- [restartedMain] com.zaxxer.hikari.HikariDataSource       : HikariPool-1 - Start completed.
2023-07-09 22:48:06.575  INFO 5848 --- [restartedMain] o.hibernate.jpa.internal.util.LogHelper  : HHH000204: Processing PersistenceUnitInfo [name: default]
2023-07-09 22:48:06.705  INFO 5848 --- [restartedMain] org.hibernate.Version                    : HHH000412: Hibernate ORM core version 5.6.10.Final
2023-07-09 22:48:07.238  INFO 5848 --- [restartedMain] o.hibernate.annotations.common.Version   : HCANN000001: Hibernate Commons Annotations {5.1.2.Final}
2023-07-09 22:48:07.510  INFO 5848 --- [restartedMain] org.hibernate.dialect.Dialect            : HHH000400: Using dialect: org.hibernate.dialect.MySQL8Dialect
2023-07-09 22:48:09.090  INFO 5848 --- [restartedMain] o.h.e.t.j.p.i.JtaPlatformInitiator       : HHH000490: Using JtaPlatform implementation: [org.hibernate.engine.transaction.jta.platform.internal.NoJtaPlatform]
2023-07-09 22:48:09.109  INFO 5848 --- [restartedMain] j.LocalContainerEntityManagerFactoryBean : Initialized JPA EntityManagerFactory for persistence unit 'default'
2023-07-09 22:48:10.264  WARN 5848 --- [restartedMain] JpaBaseConfiguration$JpaWebConfiguration : spring.jpa.open-in-view is enabled by default. Therefore, database queries may be performed during view rendering. Explicitly configure spring.jpa.open-in-view to disable this warning
2023-07-09 22:48:10.897  INFO 5848 --- [restartedMain] o.s.s.web.DefaultSecurityFilterChain     : Will secure any request with [org.springframework.security.web.session.DisableEncodeUrlFilter@6e0d8d3b, org.springframework.security.web.context.request.async.WebAsyncManagerIntegrationFilter@75b5e575, org.springframework.security.web.context.SecurityContextPersistenceFilter@2c9f8dc0, org.springframework.security.web.header.HeaderWriterFilter@4e789c20, org.springframework.security.web.csrf.CsrfFilter@7687b4c7, org.springframework.security.web.authentication.logout.LogoutFilter@7216c904, org.springframework.security.web.authentication.UsernamePasswordAuthenticationFilter@21b10f81, org.springframework.security.web.savedrequest.RequestCacheAwareFilter@1eadb52b, org.springframework.security.web.servletapi.SecurityContextHolderAwareRequestFilter@4df70619, org.springframework.security.web.authentication.AnonymousAuthenticationFilter@61336b72, org.springframework.security.web.session.SessionManagementFilter@64b46988, org.springframework.security.web.access.ExceptionTranslationFilter@6e66b230, org.springframework.security.web.access.intercept.FilterSecurityInterceptor@19279f9c]
2023-07-09 22:48:11.222  INFO 5848 --- [restartedMain] o.s.b.a.w.s.WelcomePageHandlerMapping    : Adding welcome page template: index
2023-07-09 22:48:11.654  INFO 5848 --- [restartedMain] o.s.b.d.a.OptionalLiveReloadServer       : LiveReload server is running on port 35729
2023-07-09 22:48:11.848  INFO 5848 --- [restartedMain] o.s.b.w.embedded.tomcat.TomcatWebServer  : Tomcat started on port(s): 8080 (http) with context path ''
2023-07-09 22:48:11.871  INFO 5848 --- [restartedMain] c.r.c.application.CafeKioskApplication   : Started CafeKioskApplication in 15.525 seconds (JVM running for 18.319)
2023-07-09 22:48:59.273  INFO 5848 --- [http-nio-8080-exec-1] o.a.c.c.C.[Tomcat].[localhost].[/]       : Initializing Spring DispatcherServlet 'dispatcherServlet'
2023-07-09 22:48:59.273  INFO 5848 --- [http-nio-8080-exec-1] o.s.web.servlet.DispatcherServlet        : Initializing Servlet 'dispatcherServlet'
2023-07-09 22:48:59.276  INFO 5848 --- [http-nio-8080-exec-1] o.s.web.servlet.DispatcherServlet        : Completed initialization in 3 ms
2023-07-09 22:53:20.337  INFO 5848 --- [Thread-5] j.LocalContainerEntityManagerFactoryBean : Closing JPA EntityManagerFactory for persistence unit 'default'
2023-07-09 22:53:20.345  INFO 5848 --- [Thread-5] com.zaxxer.hikari.HikariDataSource       : HikariPool-1 - Shutdown initiated...
2023-07-09 22:53:20.383  INFO 5848 --- [Thread-5] com.zaxxer.hikari.HikariDataSource       : HikariPool-1 - Shutdown completed.
2023-07-09 22:53:20.554  INFO 5848 --- [restartedMain] c.r.c.application.CafeKioskApplication   : Starting CafeKioskApplication using Java 17.0.3 on DESKTOP-U4EVG64 with PID 5848 (D:\JavaSprintBootGithub\CafeKioskApplication-Github-Coursework1\target\classes started by hp in D:\JavaSprintBootGithub\CafeKioskApplication-Github-Coursework1)
2023-07-09 22:53:20.555  INFO 5848 --- [restartedMain] c.r.c.application.CafeKioskApplication   : No active profile set, falling back to 1 default profile: "default"
2023-07-09 22:53:21.041  INFO 5848 --- [restartedMain] .s.d.r.c.RepositoryConfigurationDelegate : Bootstrapping Spring Data JPA repositories in DEFAULT mode.
2023-07-09 22:53:21.079  INFO 5848 --- [restartedMain] .s.d.r.c.RepositoryConfigurationDelegate : Finished Spring Data repository scanning in 37 ms. Found 5 JPA repository interfaces.
2023-07-09 22:53:21.357  INFO 5848 --- [restartedMain] o.s.b.w.embedded.tomcat.TomcatWebServer  : Tomcat initialized with port(s): 8080 (http)
2023-07-09 22:53:21.360  INFO 5848 --- [restartedMain] o.apache.catalina.core.StandardService   : Starting service [Tomcat]
2023-07-09 22:53:21.364  INFO 5848 --- [restartedMain] org.apache.catalina.core.StandardEngine  : Starting Servlet engine: [Apache Tomcat/9.0.65]
2023-07-09 22:53:21.474  INFO 5848 --- [restartedMain] o.a.c.c.C.[Tomcat].[localhost].[/]       : Initializing Spring embedded WebApplicationContext
2023-07-09 22:53:21.475  INFO 5848 --- [restartedMain] w.s.c.ServletWebServerApplicationContext : Root WebApplicationContext: initialization completed in 915 ms
2023-07-09 22:53:21.632  INFO 5848 --- [restartedMain] com.zaxxer.hikari.HikariDataSource       : HikariPool-2 - Starting...
2023-07-09 22:53:21.680  INFO 5848 --- [restartedMain] com.zaxxer.hikari.HikariDataSource       : HikariPool-2 - Start completed.
2023-07-09 22:53:21.809  INFO 5848 --- [restartedMain] o.hibernate.jpa.internal.util.LogHelper  : HHH000204: Processing PersistenceUnitInfo [name: default]
2023-07-09 22:53:21.822  INFO 5848 --- [restartedMain] org.hibernate.dialect.Dialect            : HHH000400: Using dialect: org.hibernate.dialect.MySQL8Dialect
2023-07-09 22:53:22.067  INFO 5848 --- [restartedMain] o.h.e.t.j.p.i.JtaPlatformInitiator       : HHH000490: Using JtaPlatform implementation: [org.hibernate.engine.transaction.jta.platform.internal.NoJtaPlatform]
2023-07-09 22:53:22.067  INFO 5848 --- [restartedMain] j.LocalContainerEntityManagerFactoryBean : Initialized JPA EntityManagerFactory for persistence unit 'default'
2023-07-09 22:53:22.282  WARN 5848 --- [restartedMain] JpaBaseConfiguration$JpaWebConfiguration : spring.jpa.open-in-view is enabled by default. Therefore, database queries may be performed during view rendering. Explicitly configure spring.jpa.open-in-view to disable this warning
2023-07-09 22:53:22.353  INFO 5848 --- [restartedMain] o.s.s.web.DefaultSecurityFilterChain     : Will secure any request with [org.springframework.security.web.session.DisableEncodeUrlFilter@7de65d93, org.springframework.security.web.context.request.async.WebAsyncManagerIntegrationFilter@4f8fc31a, org.springframework.security.web.context.SecurityContextPersistenceFilter@7d7326b7, org.springframework.security.web.header.HeaderWriterFilter@2a6d6309, org.springframework.security.web.csrf.CsrfFilter@405ee1df, org.springframework.security.web.authentication.logout.LogoutFilter@1e71d6db, org.springframework.security.web.authentication.UsernamePasswordAuthenticationFilter@395bbb53, org.springframework.security.web.savedrequest.RequestCacheAwareFilter@522b1c71, org.springframework.security.web.servletapi.SecurityContextHolderAwareRequestFilter@139f4816, org.springframework.security.web.authentication.AnonymousAuthenticationFilter@6081d294, org.springframework.security.web.session.SessionManagementFilter@4a147633, org.springframework.security.web.access.ExceptionTranslationFilter@3fe202ba, org.springframework.security.web.access.intercept.FilterSecurityInterceptor@576f19d6]
2023-07-09 22:53:22.438  INFO 5848 --- [restartedMain] o.s.b.a.w.s.WelcomePageHandlerMapping    : Adding welcome page template: index
2023-07-09 22:53:22.553  INFO 5848 --- [restartedMain] o.s.b.d.a.OptionalLiveReloadServer       : LiveReload server is running on port 35729
2023-07-09 22:53:22.577  INFO 5848 --- [restartedMain] o.s.b.w.embedded.tomcat.TomcatWebServer  : Tomcat started on port(s): 8080 (http) with context path ''
2023-07-09 22:53:22.587  INFO 5848 --- [restartedMain] c.r.c.application.CafeKioskApplication   : Started CafeKioskApplication in 2.103 seconds (JVM running for 329.034)
2023-07-09 22:53:22.589  INFO 5848 --- [restartedMain] .ConditionEvaluationDeltaLoggingListener : Condition evaluation unchanged
2023-07-09 23:00:40.921  INFO 5848 --- [http-nio-8080-exec-1] o.a.c.c.C.[Tomcat].[localhost].[/]       : Initializing Spring DispatcherServlet 'dispatcherServlet'
2023-07-09 23:00:40.921  INFO 5848 --- [http-nio-8080-exec-1] o.s.web.servlet.DispatcherServlet        : Initializing Servlet 'dispatcherServlet'
2023-07-09 23:00:40.924  INFO 5848 --- [http-nio-8080-exec-1] o.s.web.servlet.DispatcherServlet        : Completed initialization in 2 ms
2023-07-09 23:04:40.200  INFO 5848 --- [RMI TCP Connection(20)-127.0.0.1] inMXBeanRegistrar$SpringApplicationAdmin : Application shutdown requested.
2023-07-09 23:04:40.237  INFO 5848 --- [RMI TCP Connection(20)-127.0.0.1] j.LocalContainerEntityManagerFactoryBean : Closing JPA EntityManagerFactory for persistence unit 'default'
2023-07-09 23:04:40.238  INFO 5848 --- [RMI TCP Connection(20)-127.0.0.1] com.zaxxer.hikari.HikariDataSource       : HikariPool-2 - Shutdown initiated...
2023-07-09 23:04:40.247  INFO 5848 --- [RMI TCP Connection(20)-127.0.0.1] com.zaxxer.hikari.HikariDataSource       : HikariPool-2 - Shutdown completed.
